<?xml version="1.0" encoding="UTF-8"?>
<testng-results ignored="0" total="3" passed="3" failed="0" skipped="0">
  <reporter-output>
  </reporter-output>
  <suite started-at="2023-10-26T11:16:59 IST" name="Default suite" finished-at="2023-10-26T11:17:25 IST" duration-ms="25856">
    <groups>
    </groups>
    <test started-at="2023-10-26T11:16:59 IST" name="Default test" finished-at="2023-10-26T11:17:25 IST" duration-ms="25856">
      <class name="testcases1.MercuryTours_PFTest">
        <test-method is-config="true" signature="beforeTest()[pri:0, instance:testcases1.MercuryTours_PFTest@313ac989]" started-at="2023-10-26T11:16:59 IST" name="beforeTest" finished-at="2023-10-26T11:17:11 IST" duration-ms="12157" status="PASS">
          <reporter-output>
          </reporter-output>
        </test-method> <!-- beforeTest -->
        <test-method signature="login()[pri:1, instance:testcases1.MercuryTours_PFTest@313ac989]" started-at="2023-10-26T11:17:11 IST" name="login" finished-at="2023-10-26T11:17:13 IST" duration-ms="2284" status="PASS">
          <reporter-output>
          </reporter-output>
        </test-method> <!-- login -->
        <test-method signature="register()[pri:2, instance:testcases1.MercuryTours_PFTest@313ac989]" started-at="2023-10-26T11:17:13 IST" name="register" finished-at="2023-10-26T11:17:19 IST" duration-ms="6121" status="PASS">
          <reporter-output>
          </reporter-output>
        </test-method> <!-- register -->
        <test-method signature="flight()[pri:3, instance:testcases1.MercuryTours_PFTest@313ac989]" started-at="2023-10-26T11:17:19 IST" name="flight" finished-at="2023-10-26T11:17:25 IST" duration-ms="5190" status="PASS">
          <reporter-output>
          </reporter-output>
        </test-method> <!-- flight -->
        <test-method is-config="true" signature="afterTest()[pri:0, instance:testcases1.MercuryTours_PFTest@313ac989]" started-at="2023-10-26T11:17:25 IST" name="afterTest" finished-at="2023-10-26T11:17:25 IST" duration-ms="1" status="PASS">
          <reporter-output>
          </reporter-output>
        </test-method> <!-- afterTest -->
      </class> <!-- testcases1.MercuryTours_PFTest -->
    </test> <!-- Default test -->
  </suite> <!-- Default suite -->
</testng-results>
