<?xml version="1.0" encoding="UTF-8"?>
<!-- Generated by org.testng.reporters.JUnitXMLReporter -->
<testsuite ignored="3" hostname="DESKTOP-HLFCI12" failures="0" tests="3" name="Default test" time="20.134" errors="0" timestamp="2023-10-19T16:32:13 IST">
  <testcase classname="testcases.TC_03_MultipleLoginTest" name="login2" time="2.297"/>
  <testcase classname="testcases.TC_03_MultipleLoginTest" name="login2" time="3.03"/>
  <testcase classname="testcases.TC_03_MultipleLoginTest" name="login2" time="2.867"/>
  <testcase classname="testcases.TC_03_MultipleLoginTest" name="login4" time="0.0">
    <ignored/>
  </testcase> <!-- login4 -->
  <testcase classname="testcases.TC_03_MultipleLoginTest" name="login3" time="0.0">
    <ignored/>
  </testcase> <!-- login3 -->
  <testcase classname="testcases.TC_03_MultipleLoginTest" name="login1" time="0.0">
    <ignored/>
  </testcase> <!-- login1 -->
</testsuite> <!-- Default test -->
