<?xml version="1.0" encoding="UTF-8"?>
<!-- Generated by org.testng.reporters.JUnitXMLReporter -->
<testsuite ignored="0" hostname="DESKTOP-HLFCI12" failures="0" tests="3" name="Default test" time="25.856" errors="0" timestamp="2023-10-26T11:17:25 IST">
  <testcase classname="testcases1.MercuryTours_PFTest" name="login" time="2.284"/>
  <testcase classname="testcases1.MercuryTours_PFTest" name="register" time="6.121"/>
  <testcase classname="testcases1.MercuryTours_PFTest" name="flight" time="5.19"/>
</testsuite> <!-- Default test -->
