<?xml version="1.0" encoding="UTF-8"?>
<testng-results ignored="0" total="3" passed="3" failed="0" skipped="0">
  <reporter-output>
  </reporter-output>
  <suite started-at="2023-10-19T16:31:53 IST" name="Default suite" finished-at="2023-10-19T16:32:13 IST" duration-ms="20134">
    <groups>
    </groups>
    <test started-at="2023-10-19T16:31:53 IST" name="Default test" finished-at="2023-10-19T16:32:13 IST" duration-ms="20134">
      <class name="testcases.TC_03_MultipleLoginTest">
        <test-method is-config="true" signature="beforeTest()[pri:0, instance:testcases.TC_03_MultipleLoginTest@2a65fe7c]" started-at="2023-10-19T16:31:53 IST" name="beforeTest" finished-at="2023-10-19T16:31:57 IST" duration-ms="3510" status="PASS">
          <reporter-output>
          </reporter-output>
        </test-method> <!-- beforeTest -->
        <test-method is-config="true" signature="loadingUrl()[pri:0, instance:testcases.TC_03_MultipleLoginTest@2a65fe7c]" started-at="2023-10-19T16:31:57 IST" name="loadingUrl" finished-at="2023-10-19T16:32:02 IST" duration-ms="5219" status="PASS">
          <reporter-output>
          </reporter-output>
        </test-method> <!-- loadingUrl -->
        <test-method signature="login2()[pri:3, instance:testcases.TC_03_MultipleLoginTest@2a65fe7c]" started-at="2023-10-19T16:32:02 IST" name="login2" finished-at="2023-10-19T16:32:04 IST" duration-ms="2297" status="PASS">
          <reporter-output>
          </reporter-output>
        </test-method> <!-- login2 -->
        <test-method is-config="true" signature="loadingUrl()[pri:0, instance:testcases.TC_03_MultipleLoginTest@2a65fe7c]" started-at="2023-10-19T16:32:04 IST" name="loadingUrl" finished-at="2023-10-19T16:32:05 IST" duration-ms="960" status="PASS">
          <reporter-output>
          </reporter-output>
        </test-method> <!-- loadingUrl -->
        <test-method signature="login2()[pri:3, instance:testcases.TC_03_MultipleLoginTest@2a65fe7c]" started-at="2023-10-19T16:32:05 IST" name="login2" finished-at="2023-10-19T16:32:08 IST" duration-ms="3030" status="PASS">
          <reporter-output>
          </reporter-output>
        </test-method> <!-- login2 -->
        <test-method is-config="true" signature="loadingUrl()[pri:0, instance:testcases.TC_03_MultipleLoginTest@2a65fe7c]" started-at="2023-10-19T16:32:08 IST" name="loadingUrl" finished-at="2023-10-19T16:32:10 IST" duration-ms="1878" status="PASS">
          <reporter-output>
          </reporter-output>
        </test-method> <!-- loadingUrl -->
        <test-method signature="login2()[pri:3, instance:testcases.TC_03_MultipleLoginTest@2a65fe7c]" started-at="2023-10-19T16:32:10 IST" name="login2" finished-at="2023-10-19T16:32:13 IST" duration-ms="2867" status="PASS">
          <reporter-output>
          </reporter-output>
        </test-method> <!-- login2 -->
        <test-method is-config="true" signature="afterTest()[pri:0, instance:testcases.TC_03_MultipleLoginTest@2a65fe7c]" started-at="2023-10-19T16:32:13 IST" name="afterTest" finished-at="2023-10-19T16:32:13 IST" duration-ms="280" status="PASS">
          <reporter-output>
          </reporter-output>
        </test-method> <!-- afterTest -->
      </class> <!-- testcases.TC_03_MultipleLoginTest -->
    </test> <!-- Default test -->
  </suite> <!-- Default suite -->
</testng-results>
